{
  "stats": {
    "suites": 1,
    "tests": 5,
    "passes": 5,
    "pending": 0,
    "failures": 0,
    "start": "2025-01-08T23:20:14.370Z",
    "end": "2025-01-08T23:20:31.858Z",
    "duration": 17488,
    "testsRegistered": 5,
    "passPercent": 100,
    "pendingPercent": 0,
    "other": 0,
    "hasOther": false,
    "skipped": 0,
    "hasSkipped": false
  },
  "results": [
    {
      "uuid": "2d34ea9b-7c51-462c-8163-11fa1bc142e1",
      "title": "",
      "fullFile": "cypress\\e2e\\apiTest.cy.js",
      "file": "cypress\\e2e\\apiTest.cy.js",
      "beforeHooks": [],
      "afterHooks": [],
      "tests": [],
      "suites": [
        {
          "uuid": "c85f1378-5462-4cc9-9166-4863da247f19",
          "title": "Swagger Petstore",
          "fullFile": "",
          "file": "",
          "beforeHooks": [],
          "afterHooks": [],
          "tests": [
            {
              "title": "CT01: Consultar pet por Id com status available",
              "fullTitle": "Swagger Petstore CT01: Consultar pet por Id com status available",
              "timedOut": null,
              "duration": 8984,
              "state": "passed",
              "speed": "medium",
              "pass": true,
              "fail": false,
              "pending": false,
              "context": null,
              "code": "cy.getPetById(_massaDeDados.default.IdAvailable).then(response => {\n  cy.validatePetResponse(response, 200, 'status', 'available');\n});",
              "err": {},
              "uuid": "43e77f98-3573-41c5-8b6f-2739c258b27f",
              "parentUUID": "c85f1378-5462-4cc9-9166-4863da247f19",
              "isHook": false,
              "skipped": false
            },
            {
              "title": "CT02: Consultar pet por Id com status pending",
              "fullTitle": "Swagger Petstore CT02: Consultar pet por Id com status pending",
              "timedOut": null,
              "duration": 1140,
              "state": "passed",
              "speed": "fast",
              "pass": true,
              "fail": false,
              "pending": false,
              "context": null,
              "code": "cy.getPetById(_massaDeDados.default.IdPending).then(response => {\n  cy.validatePetResponse(response, 200, 'status', 'pending');\n});",
              "err": {},
              "uuid": "f9352a91-603c-4ad1-8310-f9d9de03e4f7",
              "parentUUID": "c85f1378-5462-4cc9-9166-4863da247f19",
              "isHook": false,
              "skipped": false
            },
            {
              "title": "CT03: Consultar pet por Id com status sold",
              "fullTitle": "Swagger Petstore CT03: Consultar pet por Id com status sold",
              "timedOut": null,
              "duration": 1114,
              "state": "passed",
              "speed": "fast",
              "pass": true,
              "fail": false,
              "pending": false,
              "context": null,
              "code": "cy.getPetById(_massaDeDados.default.IdSold).then(response => {\n  cy.validatePetResponse(response, 200, 'status', 'sold');\n});",
              "err": {},
              "uuid": "f2304a5e-fe3f-40d6-8d38-31b91a5e3eca",
              "parentUUID": "c85f1378-5462-4cc9-9166-4863da247f19",
              "isHook": false,
              "skipped": false
            },
            {
              "title": "CT04: Consultar pet com Id inválido",
              "fullTitle": "Swagger Petstore CT04: Consultar pet com Id inválido",
              "timedOut": null,
              "duration": 1247,
              "state": "passed",
              "speed": "fast",
              "pass": true,
              "fail": false,
              "pending": false,
              "context": null,
              "code": "cy.getPetById(_massaDeDados.default.IdInvalido).then(response => {\n  cy.validatePetResponse(response, 404, 'message', 'Pet not found');\n});",
              "err": {},
              "uuid": "bc3d5f0b-fd2b-4135-9c62-3c48ae706ddc",
              "parentUUID": "c85f1378-5462-4cc9-9166-4863da247f19",
              "isHook": false,
              "skipped": false
            },
            {
              "title": "CT05: Consultar pet com Id em branco",
              "fullTitle": "Swagger Petstore CT05: Consultar pet com Id em branco",
              "timedOut": null,
              "duration": 1572,
              "state": "passed",
              "speed": "fast",
              "pass": true,
              "fail": false,
              "pending": false,
              "context": null,
              "code": "cy.getPetById(_massaDeDados.default.IdEmBranco).then(response => {\n  expect(response.status).to.eq(405);\n  cy.log(response.status);\n});",
              "err": {},
              "uuid": "98b33388-9e76-4783-a96a-4b51575f798d",
              "parentUUID": "c85f1378-5462-4cc9-9166-4863da247f19",
              "isHook": false,
              "skipped": false
            }
          ],
          "suites": [],
          "passes": [
            "43e77f98-3573-41c5-8b6f-2739c258b27f",
            "f9352a91-603c-4ad1-8310-f9d9de03e4f7",
            "f2304a5e-fe3f-40d6-8d38-31b91a5e3eca",
            "bc3d5f0b-fd2b-4135-9c62-3c48ae706ddc",
            "98b33388-9e76-4783-a96a-4b51575f798d"
          ],
          "failures": [],
          "pending": [],
          "skipped": [],
          "duration": 14057,
          "root": false,
          "rootEmpty": false,
          "_timeout": 2000
        }
      ],
      "passes": [],
      "failures": [],
      "pending": [],
      "skipped": [],
      "duration": 0,
      "root": true,
      "rootEmpty": true,
      "_timeout": 2000
    }
  ],
  "meta": {
    "mocha": {
      "version": "7.0.1"
    },
    "mochawesome": {
      "options": {
        "quiet": false,
        "reportFilename": "mochawesome",
        "saveHtml": true,
        "saveJson": true,
        "consoleReporter": "spec",
        "useInlineDiffs": false,
        "code": true
      },
      "version": "7.1.3"
    },
    "marge": {
      "options": {
        "reportDir": "cypress/reports",
        "overwrite": false,
        "html": true,
        "json": true
      },
      "version": "6.2.0"
    }
  }
}